<?xml version="1.0" encoding="UTF-8"?>
<testsuite xmlns:xsi="http://www.w3.org/2001/XMLSchema-instance" xsi:noNamespaceSchemaLocation="https://maven.apache.org/surefire/maven-surefire-plugin/xsd/surefire-test-report-3.0.xsd" version="3.0" name="com.amazonaws.connectors.athena.example.ExampleMetadataHandlerTest" time="18.655" tests="5" errors="0" skipped="0" failures="0">
  <properties>
    <property name="awt.toolkit" value="sun.awt.X11.XToolkit"/>
    <property name="java.specification.version" value="11"/>
    <property name="sun.cpu.isalist" value=""/>
    <property name="sun.jnu.encoding" value="UTF-8"/>
    <property name="java.class.path" value="/mnt/c/Users/antho/Documents/workspaces/Serverless-Analytics-with-Amazon-Athena/chapter_12/athena-example/target/test-classes:/mnt/c/Users/antho/Documents/workspaces/Serverless-Analytics-with-Amazon-Athena/chapter_12/athena-example/target/classes:/home/virtuoso/.m2/repository/com/amazonaws/aws-athena-federation-sdk/2021.21.1/aws-athena-federation-sdk-2021.21.1.jar:/home/virtuoso/.m2/repository/com/amazonaws/aws-java-sdk-secretsmanager/1.11.800/aws-java-sdk-secretsmanager-1.11.800.jar:/home/virtuoso/.m2/repository/com/amazonaws/aws-java-sdk-core/1.11.800/aws-java-sdk-core-1.11.800.jar:/home/virtuoso/.m2/repository/org/apache/httpcomponents/httpclient/4.5.9/httpclient-4.5.9.jar:/home/virtuoso/.m2/repository/org/apache/httpcomponents/httpcore/4.4.11/httpcore-4.4.11.jar:/home/virtuoso/.m2/repository/software/amazon/ion/ion-java/1.0.2/ion-java-1.0.2.jar:/home/virtuoso/.m2/repository/com/fasterxml/jackson/dataformat/jackson-dataformat-cbor/2.6.7/jackson-dataformat-cbor-2.6.7.jar:/home/virtuoso/.m2/repository/joda-time/joda-time/2.8.1/joda-time-2.8.1.jar:/home/virtuoso/.m2/repository/com/amazonaws/jmespath-java/1.11.800/jmespath-java-1.11.800.jar:/home/virtuoso/.m2/repository/com/amazonaws/aws-java-sdk-glue/1.11.800/aws-java-sdk-glue-1.11.800.jar:/home/virtuoso/.m2/repository/com/amazonaws/aws-java-sdk-athena/1.11.800/aws-java-sdk-athena-1.11.800.jar:/home/virtuoso/.m2/repository/org/apache/arrow/arrow-vector/3.0.0/arrow-vector-3.0.0.jar:/home/virtuoso/.m2/repository/org/apache/arrow/arrow-format/3.0.0/arrow-format-3.0.0.jar:/home/virtuoso/.m2/repository/com/fasterxml/jackson/core/jackson-core/2.11.4/jackson-core-2.11.4.jar:/home/virtuoso/.m2/repository/com/fasterxml/jackson/core/jackson-annotations/2.11.4/jackson-annotations-2.11.4.jar:/home/virtuoso/.m2/repository/com/fasterxml/jackson/core/jackson-databind/2.11.4/jackson-databind-2.11.4.jar:/home/virtuoso/.m2/repository/commons-codec/commons-codec/1.10/commons-codec-1.10.jar:/home/virtuoso/.m2/repository/io/netty/netty-common/4.1.48.Final/netty-common-4.1.48.Final.jar:/home/virtuoso/.m2/repository/com/google/flatbuffers/flatbuffers-java/1.9.0/flatbuffers-java-1.9.0.jar:/home/virtuoso/.m2/repository/org/apache/arrow/arrow-memory-core/3.0.0/arrow-memory-core-3.0.0.jar:/home/virtuoso/.m2/repository/com/google/code/findbugs/jsr305/3.0.2/jsr305-3.0.2.jar:/home/virtuoso/.m2/repository/org/apache/arrow/arrow-memory-netty/3.0.0/arrow-memory-netty-3.0.0.jar:/home/virtuoso/.m2/repository/io/netty/netty-buffer/4.1.48.Final/netty-buffer-4.1.48.Final.jar:/home/virtuoso/.m2/repository/com/amazonaws/aws-java-sdk-lambda/1.11.800/aws-java-sdk-lambda-1.11.800.jar:/home/virtuoso/.m2/repository/com/amazonaws/aws-java-sdk-s3/1.11.800/aws-java-sdk-s3-1.11.800.jar:/home/virtuoso/.m2/repository/com/amazonaws/aws-java-sdk-kms/1.11.800/aws-java-sdk-kms-1.11.800.jar:/home/virtuoso/.m2/repository/com/google/guava/guava/29.0-jre/guava-29.0-jre.jar:/home/virtuoso/.m2/repository/com/google/guava/failureaccess/1.0.1/failureaccess-1.0.1.jar:/home/virtuoso/.m2/repository/com/google/guava/listenablefuture/9999.0-empty-to-avoid-conflict-with-guava/listenablefuture-9999.0-empty-to-avoid-conflict-with-guava.jar:/home/virtuoso/.m2/repository/org/checkerframework/checker-qual/2.11.1/checker-qual-2.11.1.jar:/home/virtuoso/.m2/repository/com/google/errorprone/error_prone_annotations/2.3.4/error_prone_annotations-2.3.4.jar:/home/virtuoso/.m2/repository/com/google/j2objc/j2objc-annotations/1.3/j2objc-annotations-1.3.jar:/home/virtuoso/.m2/repository/org/bouncycastle/bcprov-jdk15on/1.61/bcprov-jdk15on-1.61.jar:/home/virtuoso/.m2/repository/org/apache/commons/commons-lang3/3.9/commons-lang3-3.9.jar:/home/virtuoso/.m2/repository/org/slf4j/slf4j-api/1.7.30/slf4j-api-1.7.30.jar:/home/virtuoso/.m2/repository/org/slf4j/jcl-over-slf4j/1.7.30/jcl-over-slf4j-1.7.30.jar:/home/virtuoso/.m2/repository/org/apache/logging/log4j/log4j-slf4j-impl/2.13.3/log4j-slf4j-impl-2.13.3.jar:/home/virtuoso/.m2/repository/com/amazonaws/aws-lambda-java-log4j2/1.1.0/aws-lambda-java-log4j2-1.1.0.jar:/home/virtuoso/.m2/repository/org/apache/logging/log4j/log4j-core/2.13.3/log4j-core-2.13.3.jar:/home/virtuoso/.m2/repository/org/apache/logging/log4j/log4j-api/2.13.3/log4j-api-2.13.3.jar:/home/virtuoso/.m2/repository/com/amazonaws/aws-lambda-java-core/1.2.0/aws-lambda-java-core-1.2.0.jar:/home/virtuoso/.m2/repository/junit/junit/4.13.1/junit-4.13.1.jar:/home/virtuoso/.m2/repository/org/hamcrest/hamcrest-core/1.3/hamcrest-core-1.3.jar:/home/virtuoso/.m2/repository/org/mockito/mockito-all/1.10.19/mockito-all-1.10.19.jar:/home/virtuoso/.m2/repository/org/testng/testng/7.0.0/testng-7.0.0.jar:/home/virtuoso/.m2/repository/com/beust/jcommander/1.72/jcommander-1.72.jar:"/>
    <property name="java.vm.vendor" value="Ubuntu"/>
    <property name="sun.arch.data.model" value="64"/>
    <property name="java.vendor.url" value="https://ubuntu.com/"/>
    <property name="user.timezone" value=""/>
    <property name="java.vm.specification.version" value="11"/>
    <property name="os.name" value="Linux"/>
    <property name="sun.java.launcher" value="SUN_STANDARD"/>
    <property name="sun.boot.library.path" value="/usr/lib/jvm/java-11-openjdk-amd64/lib"/>
    <property name="sun.java.command" value="/mnt/c/Users/antho/Documents/workspaces/Serverless-Analytics-with-Amazon-Athena/chapter_12/athena-example/target/surefire/surefirebooter13764066336449652767.jar /mnt/c/Users/antho/Documents/workspaces/Serverless-Analytics-with-Amazon-Athena/chapter_12/athena-example/target/surefire 2021-06-14T21-23-44_119-jvmRun1 surefire16781544075288928014tmp surefire_04013654817323388804tmp"/>
    <property name="jdk.debug" value="release"/>
    <property name="surefire.test.class.path" value="/mnt/c/Users/antho/Documents/workspaces/Serverless-Analytics-with-Amazon-Athena/chapter_12/athena-example/target/test-classes:/mnt/c/Users/antho/Documents/workspaces/Serverless-Analytics-with-Amazon-Athena/chapter_12/athena-example/target/classes:/home/virtuoso/.m2/repository/com/amazonaws/aws-athena-federation-sdk/2021.21.1/aws-athena-federation-sdk-2021.21.1.jar:/home/virtuoso/.m2/repository/com/amazonaws/aws-java-sdk-secretsmanager/1.11.800/aws-java-sdk-secretsmanager-1.11.800.jar:/home/virtuoso/.m2/repository/com/amazonaws/aws-java-sdk-core/1.11.800/aws-java-sdk-core-1.11.800.jar:/home/virtuoso/.m2/repository/org/apache/httpcomponents/httpclient/4.5.9/httpclient-4.5.9.jar:/home/virtuoso/.m2/repository/org/apache/httpcomponents/httpcore/4.4.11/httpcore-4.4.11.jar:/home/virtuoso/.m2/repository/software/amazon/ion/ion-java/1.0.2/ion-java-1.0.2.jar:/home/virtuoso/.m2/repository/com/fasterxml/jackson/dataformat/jackson-dataformat-cbor/2.6.7/jackson-dataformat-cbor-2.6.7.jar:/home/virtuoso/.m2/repository/joda-time/joda-time/2.8.1/joda-time-2.8.1.jar:/home/virtuoso/.m2/repository/com/amazonaws/jmespath-java/1.11.800/jmespath-java-1.11.800.jar:/home/virtuoso/.m2/repository/com/amazonaws/aws-java-sdk-glue/1.11.800/aws-java-sdk-glue-1.11.800.jar:/home/virtuoso/.m2/repository/com/amazonaws/aws-java-sdk-athena/1.11.800/aws-java-sdk-athena-1.11.800.jar:/home/virtuoso/.m2/repository/org/apache/arrow/arrow-vector/3.0.0/arrow-vector-3.0.0.jar:/home/virtuoso/.m2/repository/org/apache/arrow/arrow-format/3.0.0/arrow-format-3.0.0.jar:/home/virtuoso/.m2/repository/com/fasterxml/jackson/core/jackson-core/2.11.4/jackson-core-2.11.4.jar:/home/virtuoso/.m2/repository/com/fasterxml/jackson/core/jackson-annotations/2.11.4/jackson-annotations-2.11.4.jar:/home/virtuoso/.m2/repository/com/fasterxml/jackson/core/jackson-databind/2.11.4/jackson-databind-2.11.4.jar:/home/virtuoso/.m2/repository/commons-codec/commons-codec/1.10/commons-codec-1.10.jar:/home/virtuoso/.m2/repository/io/netty/netty-common/4.1.48.Final/netty-common-4.1.48.Final.jar:/home/virtuoso/.m2/repository/com/google/flatbuffers/flatbuffers-java/1.9.0/flatbuffers-java-1.9.0.jar:/home/virtuoso/.m2/repository/org/apache/arrow/arrow-memory-core/3.0.0/arrow-memory-core-3.0.0.jar:/home/virtuoso/.m2/repository/com/google/code/findbugs/jsr305/3.0.2/jsr305-3.0.2.jar:/home/virtuoso/.m2/repository/org/apache/arrow/arrow-memory-netty/3.0.0/arrow-memory-netty-3.0.0.jar:/home/virtuoso/.m2/repository/io/netty/netty-buffer/4.1.48.Final/netty-buffer-4.1.48.Final.jar:/home/virtuoso/.m2/repository/com/amazonaws/aws-java-sdk-lambda/1.11.800/aws-java-sdk-lambda-1.11.800.jar:/home/virtuoso/.m2/repository/com/amazonaws/aws-java-sdk-s3/1.11.800/aws-java-sdk-s3-1.11.800.jar:/home/virtuoso/.m2/repository/com/amazonaws/aws-java-sdk-kms/1.11.800/aws-java-sdk-kms-1.11.800.jar:/home/virtuoso/.m2/repository/com/google/guava/guava/29.0-jre/guava-29.0-jre.jar:/home/virtuoso/.m2/repository/com/google/guava/failureaccess/1.0.1/failureaccess-1.0.1.jar:/home/virtuoso/.m2/repository/com/google/guava/listenablefuture/9999.0-empty-to-avoid-conflict-with-guava/listenablefuture-9999.0-empty-to-avoid-conflict-with-guava.jar:/home/virtuoso/.m2/repository/org/checkerframework/checker-qual/2.11.1/checker-qual-2.11.1.jar:/home/virtuoso/.m2/repository/com/google/errorprone/error_prone_annotations/2.3.4/error_prone_annotations-2.3.4.jar:/home/virtuoso/.m2/repository/com/google/j2objc/j2objc-annotations/1.3/j2objc-annotations-1.3.jar:/home/virtuoso/.m2/repository/org/bouncycastle/bcprov-jdk15on/1.61/bcprov-jdk15on-1.61.jar:/home/virtuoso/.m2/repository/org/apache/commons/commons-lang3/3.9/commons-lang3-3.9.jar:/home/virtuoso/.m2/repository/org/slf4j/slf4j-api/1.7.30/slf4j-api-1.7.30.jar:/home/virtuoso/.m2/repository/org/slf4j/jcl-over-slf4j/1.7.30/jcl-over-slf4j-1.7.30.jar:/home/virtuoso/.m2/repository/org/apache/logging/log4j/log4j-slf4j-impl/2.13.3/log4j-slf4j-impl-2.13.3.jar:/home/virtuoso/.m2/repository/com/amazonaws/aws-lambda-java-log4j2/1.1.0/aws-lambda-java-log4j2-1.1.0.jar:/home/virtuoso/.m2/repository/org/apache/logging/log4j/log4j-core/2.13.3/log4j-core-2.13.3.jar:/home/virtuoso/.m2/repository/org/apache/logging/log4j/log4j-api/2.13.3/log4j-api-2.13.3.jar:/home/virtuoso/.m2/repository/com/amazonaws/aws-lambda-java-core/1.2.0/aws-lambda-java-core-1.2.0.jar:/home/virtuoso/.m2/repository/junit/junit/4.13.1/junit-4.13.1.jar:/home/virtuoso/.m2/repository/org/hamcrest/hamcrest-core/1.3/hamcrest-core-1.3.jar:/home/virtuoso/.m2/repository/org/mockito/mockito-all/1.10.19/mockito-all-1.10.19.jar:/home/virtuoso/.m2/repository/org/testng/testng/7.0.0/testng-7.0.0.jar:/home/virtuoso/.m2/repository/com/beust/jcommander/1.72/jcommander-1.72.jar:"/>
    <property name="sun.cpu.endian" value="little"/>
    <property name="user.home" value="/home/virtuoso"/>
    <property name="user.language" value="en"/>
    <property name="java.specification.vendor" value="Oracle Corporation"/>
    <property name="java.version.date" value="2021-04-20"/>
    <property name="java.home" value="/usr/lib/jvm/java-11-openjdk-amd64"/>
    <property name="file.separator" value="/"/>
    <property name="basedir" value="/mnt/c/Users/antho/Documents/workspaces/Serverless-Analytics-with-Amazon-Athena/chapter_12/athena-example"/>
    <property name="java.vm.compressedOopsMode" value="Zero based"/>
    <property name="line.separator" value="&#10;"/>
    <property name="java.specification.name" value="Java Platform API Specification"/>
    <property name="java.vm.specification.vendor" value="Oracle Corporation"/>
    <property name="java.awt.graphicsenv" value="sun.awt.X11GraphicsEnvironment"/>
    <property name="surefire.real.class.path" value="/mnt/c/Users/antho/Documents/workspaces/Serverless-Analytics-with-Amazon-Athena/chapter_12/athena-example/target/surefire/surefirebooter13764066336449652767.jar"/>
    <property name="sun.management.compiler" value="HotSpot 64-Bit Tiered Compilers"/>
    <property name="java.runtime.version" value="11.0.11+9-Ubuntu-0ubuntu2.20.04"/>
    <property name="user.name" value="virtuoso"/>
    <property name="path.separator" value=":"/>
    <property name="os.version" value="4.19.128-microsoft-standard"/>
    <property name="java.runtime.name" value="OpenJDK Runtime Environment"/>
    <property name="file.encoding" value="UTF-8"/>
    <property name="java.vm.name" value="OpenJDK 64-Bit Server VM"/>
    <property name="localRepository" value="/home/virtuoso/.m2/repository"/>
    <property name="java.vendor.url.bug" value="https://bugs.launchpad.net/ubuntu/+source/openjdk-lts"/>
    <property name="java.io.tmpdir" value="/tmp"/>
    <property name="java.version" value="11.0.11"/>
    <property name="user.dir" value="/mnt/c/Users/antho/Documents/workspaces/Serverless-Analytics-with-Amazon-Athena/chapter_12/athena-example"/>
    <property name="os.arch" value="amd64"/>
    <property name="java.vm.specification.name" value="Java Virtual Machine Specification"/>
    <property name="java.awt.printerjob" value="sun.print.PSPrinterJob"/>
    <property name="sun.os.patch.level" value="unknown"/>
    <property name="java.library.path" value="/usr/java/packages/lib:/usr/lib/x86_64-linux-gnu/jni:/lib/x86_64-linux-gnu:/usr/lib/x86_64-linux-gnu:/usr/lib/jni:/lib:/usr/lib"/>
    <property name="java.vm.info" value="mixed mode, sharing"/>
    <property name="java.vendor" value="Ubuntu"/>
    <property name="java.vm.version" value="11.0.11+9-Ubuntu-0ubuntu2.20.04"/>
    <property name="sun.io.unicode.encoding" value="UnicodeLittle"/>
    <property name="java.class.version" value="55.0"/>
  </properties>
  <testcase name="doGetSplits" classname="com.amazonaws.connectors.athena.example.ExampleMetadataHandlerTest" time="17.977">
    <system-out><![CDATA[2021-06-14 21:24:04  INFO  ExampleMetadataHandlerTest:87 - setUpBefore - enter
2021-06-14 21:24:04  INFO  BaseAllocator:58 - Debug mode enabled.
2021-06-14 21:24:04  INFO  DefaultAllocationManagerOption:97 - allocation manager type not specified, using netty as the default type
2021-06-14 21:24:04  INFO  CheckAllocator:73 - Using DefaultAllocationManager at memory-netty/3.0.0/arrow-memory-netty-3.0.0.jar!/org/apache/arrow/memory/DefaultAllocationManagerFactory.class
2021-06-14 21:24:05  INFO  ExampleMetadataHandlerTest:89 - setUpBefore - exit
2021-06-14 21:24:05  INFO  ExampleMetadataHandlerTest:278 - doGetSplits: Tests are disabled, to enable them set the 'publishing' environment variable using maven clean install -Dpublishing=true
]]></system-out>
  </testcase>
  <testcase name="getPartitions" classname="com.amazonaws.connectors.athena.example.ExampleMetadataHandlerTest" time="0.031">
    <system-out><![CDATA[2021-06-14 21:24:05  INFO  ExampleMetadataHandlerTest:87 - setUpBefore - enter
2021-06-14 21:24:05  INFO  ExampleMetadataHandlerTest:89 - setUpBefore - exit
2021-06-14 21:24:05  INFO  ExampleMetadataHandlerTest:208 - getPartitions: Tests are disabled, to enable them set the 'publishing' environment variable using maven clean install -Dpublishing=true
]]></system-out>
  </testcase>
  <testcase name="doListTables" classname="com.amazonaws.connectors.athena.example.ExampleMetadataHandlerTest" time="0.041">
    <system-out><![CDATA[2021-06-14 21:24:05  INFO  ExampleMetadataHandlerTest:87 - setUpBefore - enter
2021-06-14 21:24:05  INFO  ExampleMetadataHandlerTest:89 - setUpBefore - exit
2021-06-14 21:24:05  INFO  ExampleMetadataHandlerTest:127 - doListTables: Tests are disabled, to enable them set the 'publishing' environment variable using maven clean install -Dpublishing=true
]]></system-out>
  </testcase>
  <testcase name="doGetTable" classname="com.amazonaws.connectors.athena.example.ExampleMetadataHandlerTest" time="0.049">
    <system-out><![CDATA[2021-06-14 21:24:05  INFO  ExampleMetadataHandlerTest:87 - setUpBefore - enter
2021-06-14 21:24:05  INFO  ExampleMetadataHandlerTest:89 - setUpBefore - exit
2021-06-14 21:24:05  INFO  ExampleMetadataHandlerTest:184 - doGetTable: Tests are disabled, to enable them set the 'publishing' environment variable using maven clean install -Dpublishing=true
]]></system-out>
  </testcase>
  <testcase name="doListSchemaNames" classname="com.amazonaws.connectors.athena.example.ExampleMetadataHandlerTest" time="0.049">
    <system-out><![CDATA[2021-06-14 21:24:05  INFO  ExampleMetadataHandlerTest:87 - setUpBefore - enter
2021-06-14 21:24:05  INFO  ExampleMetadataHandlerTest:89 - setUpBefore - exit
2021-06-14 21:24:05  INFO  ExampleMetadataHandlerTest:106 - doListSchemaNames: Tests are disabled, to enable them set the 'publishing' environment variable using maven clean install -Dpublishing=true
]]></system-out>
  </testcase>
</testsuite>